<?xml version="1.0" encoding="UTF-8"?>
<testsuite xmlns:xsi="http://www.w3.org/2001/XMLSchema-instance" xsi:noNamespaceSchemaLocation="https://maven.apache.org/surefire/maven-surefire-plugin/xsd/surefire-test-report-3.0.xsd" version="3.0" name="hr.airquality.service.PostajaServiceTest" time="0.145" tests="4" errors="0" skipped="0" failures="0">
  <properties>
[...]
</properties>
  <testcase name="shouldReturnAllPostaje" classname="hr.airquality.service.PostajaServiceTest" time="0.119">
    <system-err><![CDATA[[main] INFO hr.airquality.service.PostajaService - Dohvat svih postaja
]]></system-err>
  </testcase>
  <testcase name="shouldThrowExceptionWhenPostajaNotFound" classname="hr.airquality.service.PostajaServiceTest" time="0.007">
    <system-err><![CDATA[[main] INFO hr.airquality.service.PostajaService - Dohvat postaje po nazivu: Nepoznata
[main] WARN hr.airquality.service.PostajaService - Postaja 'Nepoznata' nije pronađena
]]></system-err>
  </testcase>
  <testcase name="shouldUpdatePostaja" classname="hr.airquality.service.PostajaServiceTest" time="0.007">
    <system-err><![CDATA[[main] INFO hr.airquality.service.PostajaService - Ažuriranje postaje 'Postaja1'
[main] INFO hr.airquality.service.PostajaService - Postaja 'Postaja1' uspješno ažurirana
]]></system-err>
  </testcase>
  <testcase name="shouldReturnPostajaByNaziv" classname="hr.airquality.service.PostajaServiceTest" time="0.006">
    <system-err><![CDATA[[main] INFO hr.airquality.service.PostajaService - Dohvat postaje po nazivu: Postaja1
]]></system-err>
  </testcase>
</testsuite>